# JRE version: OpenJDK Runtime Environment (17.0.7) (build 17.0.7+0-b2043.56-10550314)
# Java VM: OpenJDK 64-Bit Server VM (17.0.7+0-b2043.56-10550314, mixed mode, tiered, compressed oops, compressed class ptrs, g1 gc, windows-amd64)
GC Precious Log:
 CPUs: 12 total, 12 available
 Memory: 7489M
 Large Page Support: Disabled
 NUMA Support: Disabled
 Compressed Oops: Enabled (32-bit)
 Heap Region Size: 1M
 Heap Min Capacity: 8M
 Heap Initial Capacity: 118M
 Heap Max Capacity: 2G
 Pre-touch: Disabled
 Parallel Workers: 10
 Concurrent Workers: 3
 Concurrent Refinement Workers: 10
 Periodic GC: Disabled
Heap:
 garbage-first heap   total 71680K, used 48083K [0x0000000080000000, 0x0000000100000000)
  region size 1024K, 18 young (18432K), 3 survivors (3072K)
 Metaspace       used 49619K, committed 50048K, reserved 1114112K
  class space    used 6636K, committed 6848K, reserved 1048576K
GC Heap History (20 events):
Event: 1.413 GC heap before
{Heap before GC invocations=1 (full 0):
 garbage-first heap   total 120832K, used 37882K [0x0000000080000000, 0x0000000100000000)
  region size 1024K, 30 young (30720K), 3 survivors (3072K)
 Metaspace       used 11476K, committed 11648K, reserved 1114112K
  class space    used 1198K, committed 1280K, reserved 1048576K
}
Event: 1.419 GC heap after
{Heap after GC invocations=2 (full 0):
 garbage-first heap   total 120832K, used 11612K [0x0000000080000000, 0x0000000100000000)
  region size 1024K, 1 young (1024K), 1 survivors (1024K)
 Metaspace       used 11476K, committed 11648K, reserved 1114112K
  class space    used 1198K, committed 1280K, reserved 1048576K
}
Event: 2.919 GC heap before
{Heap before GC invocations=2 (full 0):
 garbage-first heap   total 120832K, used 75100K [0x0000000080000000, 0x0000000100000000)
  region size 1024K, 62 young (63488K), 1 survivors (1024K)
 Metaspace       used 21287K, committed 21504K, reserved 1114112K
  class space    used 2562K, committed 2624K, reserved 1048576K
}
Event: 2.925 GC heap after
{Heap after GC invocations=3 (full 0):
 garbage-first heap   total 120832K, used 19095K [0x0000000080000000, 0x0000000100000000)
  region size 1024K, 8 young (8192K), 8 survivors (8192K)
 Metaspace       used 21287K, committed 21504K, reserved 1114112K
  class space    used 2562K, committed 2624K, reserved 1048576K
}
Event: 2.931 GC heap before
{Heap before GC invocations=3 (full 0):
 garbage-first heap   total 120832K, used 19095K [0x0000000080000000, 0x0000000100000000)
  region size 1024K, 9 young (9216K), 8 survivors (8192K)
 Metaspace       used 21345K, committed 21504K, reserved 1114112K
  class space    used 2572K, committed 2624K, reserved 1048576K
}
Event: 2.936 GC heap after
{Heap after GC invocations=4 (full 0):
 garbage-first heap   total 120832K, used 19800K [0x0000000080000000, 0x0000000100000000)
  region size 1024K, 1 young (1024K), 1 survivors (1024K)
 Metaspace       used 21345K, committed 21504K, reserved 1114112K
  class space    used 2572K, committed 2624K, reserved 1048576K
}
Event: 3.696 GC heap before
{Heap before GC invocations=5 (full 0):
 garbage-first heap   total 71680K, used 61784K [0x0000000080000000, 0x0000000100000000)
  region size 1024K, 42 young (43008K), 1 survivors (1024K)
 Metaspace       used 26690K, committed 26944K, reserved 1114112K
  class space    used 3512K, committed 3648K, reserved 1048576K
}
Event: 3.699 GC heap after
{Heap after GC invocations=6 (full 0):
 garbage-first heap   total 71680K, used 21399K [0x0000000080000000, 0x0000000100000000)
  region size 1024K, 3 young (3072K), 3 survivors (3072K)
 Metaspace       used 26690K, committed 26944K, reserved 1114112K
  class space    used 3512K, committed 3648K, reserved 1048576K
}
Event: 4.210 GC heap before
{Heap before GC invocations=6 (full 0):
 garbage-first heap   total 71680K, used 53143K [0x0000000080000000, 0x0000000100000000)
  region size 1024K, 34 young (34816K), 3 survivors (3072K)
 Metaspace       used 30927K, committed 31232K, reserved 1114112K
  class space    used 4193K, committed 4288K, reserved 1048576K
}
Event: 4.214 GC heap after
{Heap after GC invocations=7 (full 0):
 garbage-first heap   total 71680K, used 23019K [0x0000000080000000, 0x0000000100000000)
  region size 1024K, 4 young (4096K), 4 survivors (4096K)
 Metaspace       used 30927K, committed 31232K, reserved 1114112K
  class space    used 4193K, committed 4288K, reserved 1048576K
}
Event: 4.746 GC heap before
{Heap before GC invocations=7 (full 0):
 garbage-first heap   total 71680K, used 54763K [0x0000000080000000, 0x0000000100000000)
  region size 1024K, 35 young (35840K), 4 survivors (4096K)
 Metaspace       used 35428K, committed 35776K, reserved 1114112K
  class space    used 4896K, committed 5056K, reserved 1048576K
}
Event: 4.749 GC heap after
{Heap after GC invocations=8 (full 0):
 garbage-first heap   total 71680K, used 24681K [0x0000000080000000, 0x0000000100000000)
  region size 1024K, 4 young (4096K), 4 survivors (4096K)
 Metaspace       used 35428K, committed 35776K, reserved 1114112K
  class space    used 4896K, committed 5056K, reserved 1048576K
}
Event: 4.768 GC heap before
{Heap before GC invocations=8 (full 0):
 garbage-first heap   total 71680K, used 25705K [0x0000000080000000, 0x0000000100000000)
  region size 1024K, 6 young (6144K), 4 survivors (4096K)
 Metaspace       used 35582K, committed 35968K, reserved 1114112K
  class space    used 4929K, committed 5120K, reserved 1048576K
}
Event: 4.771 GC heap after
{Heap after GC invocations=9 (full 0):
 garbage-first heap   total 71680K, used 24905K [0x0000000080000000, 0x0000000100000000)
  region size 1024K, 2 young (2048K), 2 survivors (2048K)
 Metaspace       used 35582K, committed 35968K, reserved 1114112K
  class space    used 4929K, committed 5120K, reserved 1048576K
}
Event: 5.154 GC heap before
{Heap before GC invocations=10 (full 0):
 garbage-first heap   total 71680K, used 54601K [0x0000000080000000, 0x0000000100000000)
  region size 1024K, 32 young (32768K), 2 survivors (2048K)
 Metaspace       used 41132K, committed 41536K, reserved 1114112K
  class space    used 5470K, committed 5632K, reserved 1048576K
}
Event: 5.158 GC heap after
{Heap after GC invocations=11 (full 0):
 garbage-first heap   total 71680K, used 28517K [0x0000000080000000, 0x0000000100000000)
  region size 1024K, 4 young (4096K), 4 survivors (4096K)
 Metaspace       used 41132K, committed 41536K, reserved 1114112K
  class space    used 5470K, committed 5632K, reserved 1048576K
}
Event: 5.513 GC heap before
{Heap before GC invocations=11 (full 0):
 garbage-first heap   total 71680K, used 59237K [0x0000000080000000, 0x0000000100000000)
  region size 1024K, 30 young (30720K), 4 survivors (4096K)
 Metaspace       used 43731K, committed 44096K, reserved 1114112K
  class space    used 5758K, committed 5888K, reserved 1048576K
}
Event: 5.519 GC heap after
{Heap after GC invocations=12 (full 0):
 garbage-first heap   total 71680K, used 31537K [0x0000000080000000, 0x0000000100000000)
  region size 1024K, 3 young (3072K), 3 survivors (3072K)
 Metaspace       used 43731K, committed 44096K, reserved 1114112K
  class space    used 5758K, committed 5888K, reserved 1048576K
}
Event: 5.821 GC heap before
{Heap before GC invocations=12 (full 0):
 garbage-first heap   total 71680K, used 57137K [0x0000000080000000, 0x0000000100000000)
  region size 1024K, 27 young (27648K), 3 survivors (3072K)
 Metaspace       used 45293K, committed 45696K, reserved 1114112K
  class space    used 5891K, committed 6080K, reserved 1048576K
}
Event: 5.824 GC heap after
{Heap after GC invocations=13 (full 0):
 garbage-first heap   total 71680K, used 32681K [0x0000000080000000, 0x0000000100000000)
  region size 1024K, 2 young (2048K), 2 survivors (2048K)
 Metaspace       used 45293K, committed 45696K, reserved 1114112K
  class space    used 5891K, committed 6080K, reserved 1048576K
}

